2022-11-30 13:46:37,412 INFO o.a.j.u.JMeterUtils: Setting Locale to en_EN
2022-11-30 13:46:37,437 INFO o.a.j.JMeter: Loading user properties from: C:\apache-jmeter-5.5\bin\user.properties
2022-11-30 13:46:37,443 INFO o.a.j.JMeter: Loading system properties from: C:\apache-jmeter-5.5\bin\system.properties
2022-11-30 13:46:37,448 INFO o.a.j.JMeter: Copyright (c) 1998-2022 The Apache Software Foundation
2022-11-30 13:46:37,448 INFO o.a.j.JMeter: Version 5.5
2022-11-30 13:46:37,449 INFO o.a.j.JMeter: java.version=11.0.15
2022-11-30 13:46:37,449 INFO o.a.j.JMeter: java.vm.name=Java HotSpot(TM) 64-Bit Server VM
2022-11-30 13:46:37,449 INFO o.a.j.JMeter: os.name=Windows 11
2022-11-30 13:46:37,449 INFO o.a.j.JMeter: os.arch=amd64
2022-11-30 13:46:37,449 INFO o.a.j.JMeter: os.version=10.0
2022-11-30 13:46:37,449 INFO o.a.j.JMeter: file.encoding=Cp1252
2022-11-30 13:46:37,449 INFO o.a.j.JMeter: java.awt.headless=null
2022-11-30 13:46:37,449 INFO o.a.j.JMeter: Max memory     =1073741824
2022-11-30 13:46:37,449 INFO o.a.j.JMeter: Available Processors =8
2022-11-30 13:46:37,457 INFO o.a.j.JMeter: Default Locale=English (EN)
2022-11-30 13:46:37,457 INFO o.a.j.JMeter: JMeter  Locale=English (EN)
2022-11-30 13:46:37,457 INFO o.a.j.JMeter: JMeterHome=C:\apache-jmeter-5.5
2022-11-30 13:46:37,457 INFO o.a.j.JMeter: user.dir  =D:\CICD\Projects\demospringboot
2022-11-30 13:46:37,457 INFO o.a.j.JMeter: PWD       =D:\CICD\Projects\demospringboot
2022-11-30 13:46:37,462 INFO o.a.j.JMeter: IP: 192.168.161.239 Name: PDTDANG FullName: host.docker.internal
